2020-11-29 22:59:41,877 [INFO] AnalysisComputer.py(line 48) Running analysis started...
2020-11-29 23:00:03,432 [INFO] AnalysisComputer.py(line 64) Feature lbs: done
2020-11-29 23:00:14,592 [ERROR] AnalysisComputer.py(line 342) Feature PTM: Chi-squared test assumptions not met. More than 20% of cells have expected value of 5 or less, and/or at least one cell has expected value of 1 or less.
2020-11-29 23:00:14,785 [INFO] AnalysisComputer.py(line 64) Feature PTM: done
2020-11-29 23:00:26,606 [ERROR] AnalysisComputer.py(line 342) Feature glycosylation: Chi-squared test assumptions not met. More than 20% of cells have expected value of 5 or less, and/or at least one cell has expected value of 1 or less.
2020-11-29 23:00:26,801 [INFO] AnalysisComputer.py(line 64) Feature glycosylation: done
2020-11-29 23:00:37,813 [ERROR] AnalysisComputer.py(line 342) Feature lipidation: Chi-squared test assumptions not met. More than 20% of cells have expected value of 5 or less, and/or at least one cell has expected value of 1 or less.
2020-11-29 23:00:38,011 [INFO] AnalysisComputer.py(line 64) Feature lipidation: done
2020-11-29 23:00:48,323 [ERROR] AnalysisComputer.py(line 342) Feature mod_res: Chi-squared test assumptions not met. More than 20% of cells have expected value of 5 or less, and/or at least one cell has expected value of 1 or less.
2020-11-29 23:00:48,518 [INFO] AnalysisComputer.py(line 64) Feature mod_res: done
2020-11-29 23:00:53,914 [INFO] AnalysisComputer.py(line 64) Feature variation: done
2020-11-29 23:01:07,199 [INFO] AnalysisComputer.py(line 64) Feature sec_str: done
2020-11-29 23:01:22,309 [INFO] AnalysisComputer.py(line 64) Feature helix: done
2020-11-29 23:01:37,666 [INFO] AnalysisComputer.py(line 64) Feature strand: done
2020-11-29 23:01:52,266 [INFO] AnalysisComputer.py(line 64) Feature turn: done
2020-11-29 23:02:03,422 [ERROR] AnalysisComputer.py(line 342) Feature non_standard: Chi-squared test assumptions not met. More than 20% of cells have expected value of 5 or less, and/or at least one cell has expected value of 1 or less.
2020-11-29 23:02:03,614 [INFO] AnalysisComputer.py(line 64) Feature non_standard: done
2020-11-29 23:02:14,769 [ERROR] AnalysisComputer.py(line 342) Feature natural_variant: Chi-squared test assumptions not met. More than 20% of cells have expected value of 5 or less, and/or at least one cell has expected value of 1 or less.
2020-11-29 23:02:14,960 [INFO] AnalysisComputer.py(line 64) Feature natural_variant: done
2020-11-29 23:02:26,443 [ERROR] AnalysisComputer.py(line 342) Feature compbias: Chi-squared test assumptions not met. More than 20% of cells have expected value of 5 or less, and/or at least one cell has expected value of 1 or less.
2020-11-29 23:02:26,635 [INFO] AnalysisComputer.py(line 64) Feature compbias: done
2020-11-29 23:02:39,821 [ERROR] AnalysisComputer.py(line 342) Feature disulfid: Chi-squared test assumptions not met. More than 20% of cells have expected value of 5 or less, and/or at least one cell has expected value of 1 or less.
2020-11-29 23:02:40,016 [INFO] AnalysisComputer.py(line 64) Feature disulfid: done
2020-11-29 23:02:56,007 [INFO] AnalysisComputer.py(line 64) Feature aa: done
2020-11-29 23:03:12,794 [INFO] AnalysisComputer.py(line 64) Feature aa_ALA: done
2020-11-29 23:03:28,905 [ERROR] AnalysisComputer.py(line 342) Feature aa_CYS: Chi-squared test assumptions not met. More than 20% of cells have expected value of 5 or less, and/or at least one cell has expected value of 1 or less.
2020-11-29 23:03:29,098 [INFO] AnalysisComputer.py(line 64) Feature aa_CYS: done
2020-11-29 23:03:52,192 [INFO] AnalysisComputer.py(line 64) Feature aa_ASP: done
2020-11-29 23:04:14,015 [INFO] AnalysisComputer.py(line 64) Feature aa_GLU: done
2020-11-29 23:04:33,469 [INFO] AnalysisComputer.py(line 64) Feature aa_PHE: done
2020-11-29 23:04:52,411 [INFO] AnalysisComputer.py(line 64) Feature aa_GLY: done
2020-11-29 23:05:06,452 [INFO] AnalysisComputer.py(line 64) Feature aa_HIS: done
2020-11-29 23:05:20,565 [INFO] AnalysisComputer.py(line 64) Feature aa_ILE: done
2020-11-29 23:05:34,902 [INFO] AnalysisComputer.py(line 64) Feature aa_LYS: done
2020-11-29 23:05:48,570 [INFO] AnalysisComputer.py(line 64) Feature aa_LEU: done
2020-11-29 23:05:59,846 [ERROR] AnalysisComputer.py(line 342) Feature aa_MET: Chi-squared test assumptions not met. More than 20% of cells have expected value of 5 or less, and/or at least one cell has expected value of 1 or less.
2020-11-29 23:06:00,039 [INFO] AnalysisComputer.py(line 64) Feature aa_MET: done
2020-11-29 23:06:14,727 [INFO] AnalysisComputer.py(line 64) Feature aa_ASN: done
2020-11-29 23:06:28,926 [INFO] AnalysisComputer.py(line 64) Feature aa_PRO: done
2020-11-29 23:06:43,637 [INFO] AnalysisComputer.py(line 64) Feature aa_GLN: done
2020-11-29 23:06:58,429 [INFO] AnalysisComputer.py(line 64) Feature aa_ARG: done
2020-11-29 23:07:13,652 [INFO] AnalysisComputer.py(line 64) Feature aa_SER: done
2020-11-29 23:07:27,907 [INFO] AnalysisComputer.py(line 64) Feature aa_THR: done
2020-11-29 23:07:42,630 [INFO] AnalysisComputer.py(line 64) Feature aa_VAL: done
2020-11-29 23:07:53,869 [ERROR] AnalysisComputer.py(line 342) Feature aa_TRP: Chi-squared test assumptions not met. More than 20% of cells have expected value of 5 or less, and/or at least one cell has expected value of 1 or less.
2020-11-29 23:07:54,063 [INFO] AnalysisComputer.py(line 64) Feature aa_TRP: done
2020-11-29 23:08:08,008 [INFO] AnalysisComputer.py(line 64) Feature aa_TYR: done
2020-11-29 23:08:23,867 [INFO] AnalysisComputer.py(line 64) Feature hydropathy: done
2020-11-29 23:08:41,946 [INFO] AnalysisComputer.py(line 64) Feature polarity: done
2020-11-29 23:08:57,043 [INFO] AnalysisComputer.py(line 64) Feature charged: done
2020-11-29 23:09:14,934 [INFO] AnalysisComputer.py(line 64) Feature aromaticity: done
2020-11-29 23:09:32,081 [INFO] AnalysisComputer.py(line 64) Feature mol_weight: done
2020-11-29 23:09:49,502 [INFO] AnalysisComputer.py(line 64) Feature H_bond_atoms: done
2020-11-29 23:10:05,156 [INFO] AnalysisComputer.py(line 64) Feature HSE_up: done
2020-11-29 23:10:21,430 [INFO] AnalysisComputer.py(line 64) Feature HSE_down: done
2020-11-29 23:10:42,049 [INFO] AnalysisComputer.py(line 64) Feature exposure_CN: done
2020-11-29 23:11:01,584 [INFO] AnalysisComputer.py(line 64) Feature bfactor: done
2020-11-29 23:11:12,846 [INFO] AnalysisComputer.py(line 64) Feature pdbekb_conservation: done
2020-11-29 23:11:29,289 [INFO] AnalysisComputer.py(line 64) Feature dynamine: done
2020-11-29 23:11:45,393 [INFO] AnalysisComputer.py(line 64) Feature efoldmine: done
2020-11-29 23:12:00,776 [INFO] AnalysisComputer.py(line 64) Feature depth: done
2020-11-29 23:12:16,342 [INFO] AnalysisComputer.py(line 64) Feature mobiDB: done
2020-11-29 23:12:36,574 [INFO] AnalysisComputer.py(line 64) Feature phi_angle: done
2020-11-29 23:12:54,140 [INFO] AnalysisComputer.py(line 64) Feature psi_angle: done
2020-11-29 23:13:04,261 [ERROR] AnalysisComputer.py(line 342) Feature cis_peptide: Chi-squared test assumptions not met. More than 20% of cells have expected value of 5 or less, and/or at least one cell has expected value of 1 or less.
2020-11-29 23:13:04,475 [INFO] AnalysisComputer.py(line 64) Feature cis_peptide: done
2020-11-29 23:13:08,831 [INFO] AnalysisComputer.py(line 64) Feature conservation: done
2020-11-29 23:13:08,831 [INFO] AnalysisComputer.py(line 66) Running analysis finished in 807s.
