This is pdfTeX, Version 3.14159265-2.6-1.40.20 (TeX Live 2019/Debian) (preloaded format=pdflatex 2020.5.20)  17 JAN 2021 19:40
entering extended mode
 restricted \write18 enabled.
 %&-line parsing enabled.
**thesis.tex
(./thesis.tex
LaTeX2e <2020-02-02> patch level 2
L3 programming layer <2020-02-14>
(/usr/share/texlive/texmf-dist/tex/latex/base/report.cls
Document Class: report 2019/12/20 v1.4l Standard LaTeX document class
(/usr/share/texlive/texmf-dist/tex/latex/base/size12.clo
File: size12.clo 2019/12/20 v1.4l Standard LaTeX file (size option)
)
\c@part=\count167
\c@chapter=\count168
\c@section=\count169
\c@subsection=\count170
\c@subsubsection=\count171
\c@paragraph=\count172
\c@subparagraph=\count173
\c@figure=\count174
\c@table=\count175
\abovecaptionskip=\skip47
\belowcaptionskip=\skip48
\bibindent=\dimen134
)
(/usr/share/texlive/texmf-dist/tex/latex/base/inputenc.sty
Package: inputenc 2018/08/11 v1.3c Input encoding file
\inpenc@prehook=\toks14
\inpenc@posthook=\toks15
)
(/usr/share/texlive/texmf-dist/tex/latex/xcolor/xcolor.sty
Package: xcolor 2016/05/11 v2.12 LaTeX color extensions (UK)

(/usr/share/texlive/texmf-dist/tex/latex/graphics-cfg/color.cfg
File: color.cfg 2016/01/02 v1.6 sample color configuration
)
Package xcolor Info: Driver file: pdftex.def on input line 225.

(/usr/share/texlive/texmf-dist/tex/latex/graphics-def/pdftex.def
File: pdftex.def 2018/01/08 v1.0l Graphics/color driver for pdftex
)
(/usr/share/texlive/texmf-dist/tex/latex/colortbl/colortbl.sty
Package: colortbl 2020/01/04 v1.0e Color table columns (DPC)

(/usr/share/texlive/texmf-dist/tex/latex/tools/array.sty
Package: array 2019/08/31 v2.4l Tabular extension package (FMi)
\col@sep=\dimen135
\ar@mcellbox=\box45
\extrarowheight=\dimen136
\NC@list=\toks16
\extratabsurround=\skip49
\backup@length=\skip50
\ar@cellbox=\box46
)
\everycr=\toks17
\minrowclearance=\skip51
)
\rownum=\count176
Package xcolor Info: Model `cmy' substituted by `cmy0' on input line 1348.
Package xcolor Info: Model `hsb' substituted by `rgb' on input line 1352.
Package xcolor Info: Model `RGB' extended on input line 1364.
Package xcolor Info: Model `HTML' substituted by `rgb' on input line 1366.
Package xcolor Info: Model `Hsb' substituted by `hsb' on input line 1367.
Package xcolor Info: Model `tHsb' substituted by `hsb' on input line 1368.
Package xcolor Info: Model `HSB' substituted by `hsb' on input line 1369.
Package xcolor Info: Model `Gray' substituted by `gray' on input line 1370.
Package xcolor Info: Model `wave' substituted by `hsb' on input line 1371.

(/usr/share/texlive/texmf-dist/tex/latex/xcolor/svgnam.def
File: svgnam.def 2016/05/11 v2.12 Predefined colors according to SVG 1.1 (UK)
))
(/usr/share/texlive/texmf-dist/tex/latex/pdfx/pdfx.sty
Package: pdfx 2019/02/27 v1.6.3 PDF/X and PDF/A support (CVR/HTH/RRM/PS)
\pdfx@minorversion=\count177

(/usr/share/texlive/texmf-dist/tex/generic/iftex/iftex.sty
Package: iftex 2019/11/07 v1.0c TeX engine tests
)
(/usr/share/texlive/texmf-dist/tex/generic/iftex/ifpdf.sty
Package: ifpdf 2019/10/25 v3.4 ifpdf legacy package. Use iftex instead.
)
(/usr/share/texlive/texmf-dist/tex/generic/iftex/ifxetex.sty
Package: ifxetex 2019/10/25 v0.7 ifxetex legacy package. Use iftex instead.
)
(/usr/share/texlive/texmf-dist/tex/latex/ms/everyshi.sty
Package: everyshi 2001/05/15 v3.00 EveryShipout Package (MS)
)
(/usr/share/texlive/texmf-dist/tex/generic/iftex/ifluatex.sty
Package: ifluatex 2019/10/25 v1.5 ifluatex legacy package. Use iftex instead.
){/var/lib/texmf/fonts/map/pdftex/updmap/pdftex.map}
(/usr/share/texlive/texmf-dist/tex/latex/pdfx/l8u-penc.def
File: l8u-penc.def 2017/06/23 v0.8 Custom LaTeX file, for UTF8 encoded letters 
and symbols
LaTeX Info: Composite with undeclared \b in encoding L8U on input line 278.
)
\pdfxsafeforxmp@toks=\toks18
\pdfx@tmptoks=\toks19

(/usr/share/texlive/texmf-dist/tex/latex/hyperref/hyperref.sty
Package: hyperref 2020/01/14 v7.00d Hypertext links for LaTeX

(/usr/share/texlive/texmf-dist/tex/generic/ltxcmds/ltxcmds.sty
Package: ltxcmds 2019/12/15 v1.24 LaTeX kernel commands for general use (HO)
)
(/usr/share/texlive/texmf-dist/tex/latex/pdftexcmds/pdftexcmds.sty
Package: pdftexcmds 2019/11/24 v0.31 Utility functions of pdfTeX for LuaTeX (HO
)

(/usr/share/texlive/texmf-dist/tex/generic/infwarerr/infwarerr.sty
Package: infwarerr 2019/12/03 v1.5 Providing info/warning/error messages (HO)
)
Package pdftexcmds Info: \pdf@primitive is available.
Package pdftexcmds Info: \pdf@ifprimitive is available.
Package pdftexcmds Info: \pdfdraftmode found.
)
(/usr/share/texlive/texmf-dist/tex/latex/graphics/keyval.sty
Package: keyval 2014/10/28 v1.15 key=value parser (DPC)
\KV@toks@=\toks20
)
(/usr/share/texlive/texmf-dist/tex/generic/kvsetkeys/kvsetkeys.sty
Package: kvsetkeys 2019/12/15 v1.18 Key value parser (HO)
)
(/usr/share/texlive/texmf-dist/tex/generic/kvdefinekeys/kvdefinekeys.sty
Package: kvdefinekeys 2019-12-19 v1.6 Define keys (HO)
)
(/usr/share/texlive/texmf-dist/tex/generic/pdfescape/pdfescape.sty
Package: pdfescape 2019/12/09 v1.15 Implements pdfTeX's escape features (HO)
)
(/usr/share/texlive/texmf-dist/tex/latex/hycolor/hycolor.sty
Package: hycolor 2020-01-27 v1.10 Color options for hyperref/bookmark (HO)
)
(/usr/share/texlive/texmf-dist/tex/latex/letltxmacro/letltxmacro.sty
Package: letltxmacro 2019/12/03 v1.6 Let assignment for LaTeX macros (HO)
)
(/usr/share/texlive/texmf-dist/tex/latex/auxhook/auxhook.sty
Package: auxhook 2019-12-17 v1.6 Hooks for auxiliary files (HO)
)
(/usr/share/texlive/texmf-dist/tex/latex/kvoptions/kvoptions.sty
Package: kvoptions 2019/11/29 v3.13 Key value format for package options (HO)
)
\@linkdim=\dimen137
\Hy@linkcounter=\count178
\Hy@pagecounter=\count179

(/usr/share/texlive/texmf-dist/tex/latex/hyperref/pd1enc.def
File: pd1enc.def 2020/01/14 v7.00d Hyperref: PDFDocEncoding definition (HO)
)
(/usr/share/texlive/texmf-dist/tex/generic/intcalc/intcalc.sty
Package: intcalc 2019/12/15 v1.3 Expandable calculations with integers (HO)
)
(/usr/share/texlive/texmf-dist/tex/generic/etexcmds/etexcmds.sty
Package: etexcmds 2019/12/15 v1.7 Avoid name clashes with e-TeX commands (HO)
)
\Hy@SavedSpaceFactor=\count180
\pdfmajorversion=\count181
Package hyperref Info: Option `pdfa' set `true' on input line 4421.
Package hyperref Info: Hyper figures OFF on input line 4547.
Package hyperref Info: Link nesting OFF on input line 4552.
Package hyperref Info: Hyper index ON on input line 4555.
Package hyperref Info: Plain pages OFF on input line 4562.
Package hyperref Info: Backreferencing OFF on input line 4567.
Package hyperref Info: Implicit mode ON; LaTeX internals redefined.
Package hyperref Info: Bookmarks ON on input line 4800.
\c@Hy@tempcnt=\count182

(/usr/share/texlive/texmf-dist/tex/latex/url/url.sty
\Urlmuskip=\muskip16
Package: url 2013/09/16  ver 3.4  Verb mode for urls, etc.
)
LaTeX Info: Redefining \url on input line 5159.
\XeTeXLinkMargin=\dimen138

(/usr/share/texlive/texmf-dist/tex/generic/bitset/bitset.sty
Package: bitset 2019/12/09 v1.3 Handle bit-vector datatype (HO)

(/usr/share/texlive/texmf-dist/tex/generic/bigintcalc/bigintcalc.sty
Package: bigintcalc 2019/12/15 v1.5 Expandable calculations on big integers (HO
)
))
\Fld@menulength=\count183
\Field@Width=\dimen139
\Fld@charsize=\dimen140
Package hyperref Info: Hyper figures OFF on input line 6430.
Package hyperref Info: Link nesting OFF on input line 6435.
Package hyperref Info: Hyper index ON on input line 6438.
Package hyperref Info: backreferencing OFF on input line 6445.
Package hyperref Info: Link coloring OFF on input line 6450.
Package hyperref Info: Link coloring with OCG OFF on input line 6455.
Package hyperref Info: PDF/A mode ON on input line 6458.
LaTeX Info: Redefining \ref on input line 6500.
LaTeX Info: Redefining \pageref on input line 6504.

(/usr/share/texlive/texmf-dist/tex/generic/atbegshi/atbegshi.sty
Package: atbegshi 2019/12/05 v1.19 At begin shipout hook (HO)
)
\Hy@abspage=\count184
\c@Item=\count185
\c@Hfootnote=\count186
)
Package hyperref Info: Driver: hpdftex.

(/usr/share/texlive/texmf-dist/tex/latex/hyperref/hpdftex.def
File: hpdftex.def 2020/01/14 v7.00d Hyperref driver for pdfTeX

(/usr/share/texlive/texmf-dist/tex/latex/atveryend/atveryend.sty
Package: atveryend 2019-12-11 v1.11 Hooks at the very end of document (HO)
Package atveryend Info: \enddocument detected (standard20110627).
)
\Fld@listcount=\count187
\c@bookmark@seq@number=\count188

(/usr/share/texlive/texmf-dist/tex/latex/rerunfilecheck/rerunfilecheck.sty
Package: rerunfilecheck 2019/12/05 v1.9 Rerun checks for auxiliary files (HO)

(/usr/share/texlive/texmf-dist/tex/generic/uniquecounter/uniquecounter.sty
Package: uniquecounter 2019/12/15 v1.4 Provide unlimited unique counter (HO)
)
Package uniquecounter Info: New unique counter `rerunfilecheck' on input line 2
86.
)
\Hy@SectionHShift=\skip52
)
Package hyperref Info: Option `unicode' set `true' on input line 1463.

(/usr/share/texlive/texmf-dist/tex/latex/hyperref/puenc.def
File: puenc.def 2020/01/14 v7.00d Hyperref: PDF Unicode definition (HO)
)
(/usr/share/texlive/texmf-dist/tex/generic/stringenc/stringenc.sty
Package: stringenc 2019/11/29 v1.12 Convert strings between diff. encodings (HO
)
)
Package hyperref Info: Option `psdextra' set `true' on input line 1465.

(/usr/share/texlive/texmf-dist/tex/latex/hyperref/psdextra.def
File: psdextra.def 2020/01/14 v7.00d Hyperref: Additions to PDF string support
)
(/usr/share/texlive/texmf-dist/tex/generic/colorprofiles/colorprofiles.sty
Package: colorprofiles 2018/11/01 v1.0.1 color profiles for PDF/X and PDF/A sup
port

(/usr/share/texlive/texmf-dist/tex/generic/colorprofiles/colorprofiles.tex))
(/usr/share/texlive/texmf-dist/tex/generic/stringenc/se-pdfdoc.def
File: se-pdfdoc.def 2019/11/29 v1.12 stringenc: PDFDocEncoding
)
(/usr/share/texlive/texmf-dist/tex/latex/pdfx/AdobeColorProfiles.tex)
(/usr/share/texlive/texmf-dist/tex/latex/pdfx/8bit.def
File: 8bit.def 2008/03/30 v1.1d Input encoding file
)
** pdfx: Metadata file thesis.xmpdata read successfully.
(./thesis.xmpdata)<<sRGB.icc>>
(/usr/share/texlive/texmf-dist/tex/latex/pdfx/8bit.def
File: 8bit.def 2008/03/30 v1.1d Input encoding file
)
(/usr/share/texlive/texmf-dist/tex/latex/pdfx/8bit.def
File: 8bit.def 2008/03/30 v1.1d Input encoding file
)
(/usr/share/texlive/texmf-dist/tex/generic/stringenc/se-utf8.def
File: se-utf8.def 2019/11/29 v1.12 stringenc: UTF-8
)
(/usr/share/texlive/texmf-dist/tex/latex/pdfx/8bit.def
File: 8bit.def 2008/03/30 v1.1d Input encoding file
)
Package hyperref Info: Option `unicode' set `true' on input line 2411.
Package hyperref Info: Option `unicode' set `true' on input line 2412.

(/usr/share/texlive/texmf-dist/tex/latex/pdfx/8bit.def
File: 8bit.def 2008/03/30 v1.1d Input encoding file
)
(/usr/share/texlive/texmf-dist/tex/generic/pdftex/glyphtounicode.tex)
(/usr/share/texlive/texmf-dist/tex/latex/pdfx/glyphtounicode-cmr.tex)
(/usr/share/texlive/texmf-dist/tex/latex/pdfx/glyphtounicode-ntx.tex)
(/usr/share/texlive/texmf-dist/tex/latex/base/ifthen.sty
Package: ifthen 2014/09/29 v1.1c Standard LaTeX ifthen package (DPC)
)
(/usr/share/texlive/texmf-dist/tex/latex/xmpincl/xmpincl.sty
Package: xmpincl 2008/05/10 v2.2 Include XMP data in pdflatex
)
(/usr/share/texlive/texmf-dist/tex/latex/pdfx/8bit.def
File: 8bit.def 2008/03/30 v1.1d Input encoding file
)
Using XMP template file: pdfa.xmp
\xmpinclWrite=\write3
\xmpinclRead=\read2
\openout3 = `pdfa.xmpi'.

<<pdfa.xmpi>>) (/usr/share/texmf/tex/latex/lm/lmodern.sty
Package: lmodern 2009/10/30 v1.6 Latin Modern Fonts
LaTeX Font Info:    Overwriting symbol font `operators' in version `normal'
(Font)                  OT1/cmr/m/n --> OT1/lmr/m/n on input line 22.
LaTeX Font Info:    Overwriting symbol font `letters' in version `normal'
(Font)                  OML/cmm/m/it --> OML/lmm/m/it on input line 23.
LaTeX Font Info:    Overwriting symbol font `symbols' in version `normal'
(Font)                  OMS/cmsy/m/n --> OMS/lmsy/m/n on input line 24.
LaTeX Font Info:    Overwriting symbol font `largesymbols' in version `normal'
(Font)                  OMX/cmex/m/n --> OMX/lmex/m/n on input line 25.
LaTeX Font Info:    Overwriting symbol font `operators' in version `bold'
(Font)                  OT1/cmr/bx/n --> OT1/lmr/bx/n on input line 26.
LaTeX Font Info:    Overwriting symbol font `letters' in version `bold'
(Font)                  OML/cmm/b/it --> OML/lmm/b/it on input line 27.
LaTeX Font Info:    Overwriting symbol font `symbols' in version `bold'
(Font)                  OMS/cmsy/b/n --> OMS/lmsy/b/n on input line 28.
LaTeX Font Info:    Overwriting symbol font `largesymbols' in version `bold'
(Font)                  OMX/cmex/m/n --> OMX/lmex/m/n on input line 29.
LaTeX Font Info:    Overwriting math alphabet `\mathbf' in version `normal'
(Font)                  OT1/cmr/bx/n --> OT1/lmr/bx/n on input line 31.
LaTeX Font Info:    Overwriting math alphabet `\mathsf' in version `normal'
(Font)                  OT1/cmss/m/n --> OT1/lmss/m/n on input line 32.
LaTeX Font Info:    Overwriting math alphabet `\mathit' in version `normal'
(Font)                  OT1/cmr/m/it --> OT1/lmr/m/it on input line 33.
LaTeX Font Info:    Overwriting math alphabet `\mathtt' in version `normal'
(Font)                  OT1/cmtt/m/n --> OT1/lmtt/m/n on input line 34.
LaTeX Font Info:    Overwriting math alphabet `\mathbf' in version `bold'
(Font)                  OT1/cmr/bx/n --> OT1/lmr/bx/n on input line 35.
LaTeX Font Info:    Overwriting math alphabet `\mathsf' in version `bold'
(Font)                  OT1/cmss/bx/n --> OT1/lmss/bx/n on input line 36.
LaTeX Font Info:    Overwriting math alphabet `\mathit' in version `bold'
(Font)                  OT1/cmr/bx/it --> OT1/lmr/bx/it on input line 37.
LaTeX Font Info:    Overwriting math alphabet `\mathtt' in version `bold'
(Font)                  OT1/cmtt/m/n --> OT1/lmtt/m/n on input line 38.
)
(/usr/share/texlive/texmf-dist/tex/latex/amsmath/amsmath.sty
Package: amsmath 2020/01/20 v2.17e AMS math features
\@mathmargin=\skip53

For additional information on amsmath, use the `?' option.
(/usr/share/texlive/texmf-dist/tex/latex/amsmath/amstext.sty
Package: amstext 2000/06/29 v2.01 AMS text

(/usr/share/texlive/texmf-dist/tex/latex/amsmath/amsgen.sty
File: amsgen.sty 1999/11/30 v2.0 generic functions
\@emptytoks=\toks21
\ex@=\dimen141
))
(/usr/share/texlive/texmf-dist/tex/latex/amsmath/amsbsy.sty
Package: amsbsy 1999/11/29 v1.2d Bold Symbols
\pmbraise@=\dimen142
)
(/usr/share/texlive/texmf-dist/tex/latex/amsmath/amsopn.sty
Package: amsopn 2016/03/08 v2.02 operator names
)
\inf@bad=\count189
LaTeX Info: Redefining \frac on input line 227.
\uproot@=\count190
\leftroot@=\count191
LaTeX Info: Redefining \overline on input line 389.
\classnum@=\count192
\DOTSCASE@=\count193
LaTeX Info: Redefining \ldots on input line 486.
LaTeX Info: Redefining \dots on input line 489.
LaTeX Info: Redefining \cdots on input line 610.
\Mathstrutbox@=\box47
\strutbox@=\box48
\big@size=\dimen143
LaTeX Font Info:    Redeclaring font encoding OML on input line 733.
LaTeX Font Info:    Redeclaring font encoding OMS on input line 734.
\macc@depth=\count194
\c@MaxMatrixCols=\count195
\dotsspace@=\muskip17
\c@parentequation=\count196
\dspbrk@lvl=\count197
\tag@help=\toks22
\row@=\count198
\column@=\count199
\maxfields@=\count266
\andhelp@=\toks23
\eqnshift@=\dimen144
\alignsep@=\dimen145
\tagshift@=\dimen146
\tagwidth@=\dimen147
\totwidth@=\dimen148
\lineht@=\dimen149
\@envbody=\toks24
\multlinegap=\skip54
\multlinetaggap=\skip55
\mathdisplay@stack=\toks25
LaTeX Info: Redefining \[ on input line 2859.
LaTeX Info: Redefining \] on input line 2860.
)
(/usr/share/texlive/texmf-dist/tex/latex/amsfonts/amsfonts.sty
Package: amsfonts 2013/01/14 v3.01 Basic AMSFonts support
\symAMSa=\mathgroup4
\symAMSb=\mathgroup5
LaTeX Font Info:    Redeclaring math symbol \hbar on input line 98.
LaTeX Font Info:    Overwriting math alphabet `\mathfrak' in version `bold'
(Font)                  U/euf/m/n --> U/euf/b/n on input line 106.
)
(/usr/share/texlive/texmf-dist/tex/latex/amscls/amsthm.sty
Package: amsthm 2017/10/31 v2.20.4
\thm@style=\toks26
\thm@bodyfont=\toks27
\thm@headfont=\toks28
\thm@notefont=\toks29
\thm@headpunct=\toks30
\thm@preskip=\skip56
\thm@postskip=\skip57
\thm@headsep=\skip58
\dth@everypar=\toks31
)
(/usr/share/texlive/texmf-dist/tex/latex/tools/bm.sty
Package: bm 2019/07/24 v1.2d Bold Symbol Support (DPC/FMi)
\symboldoperators=\mathgroup6
\symboldletters=\mathgroup7
\symboldsymbols=\mathgroup8
LaTeX Font Info:    Redeclaring math alphabet \mathbf on input line 141.
LaTeX Info: Redefining \bm on input line 209.
)
(/usr/share/texlive/texmf-dist/tex/latex/graphics/graphicx.sty
Package: graphicx 2019/11/30 v1.2a Enhanced LaTeX Graphics (DPC,SPQR)

(/usr/share/texlive/texmf-dist/tex/latex/graphics/graphics.sty
Package: graphics 2019/11/30 v1.4a Standard LaTeX Graphics (DPC,SPQR)

(/usr/share/texlive/texmf-dist/tex/latex/graphics/trig.sty
Package: trig 2016/01/03 v1.10 sin cos tan (DPC)
)
(/usr/share/texlive/texmf-dist/tex/latex/graphics-cfg/graphics.cfg
File: graphics.cfg 2016/06/04 v1.11 sample graphics configuration
)
Package graphics Info: Driver file: pdftex.def on input line 105.
)
\Gin@req@height=\dimen150
\Gin@req@width=\dimen151
)
(/usr/share/texlive/texmf-dist/tex/latex/fancyvrb/fancyvrb.sty
Package: fancyvrb 2020/01/13 v3.5 verbatim text (tvz,hv)
\FV@CodeLineNo=\count267
\FV@InFile=\read3
\FV@TabBox=\box49
\c@FancyVerbLine=\count268
\FV@StepNumber=\count269
\FV@OutFile=\write4
)
(/usr/share/texlive/texmf-dist/tex/latex/natbib/natbib.sty
Package: natbib 2010/09/13 8.31b (PWD, AO)
\bibhang=\skip59
\bibsep=\skip60
LaTeX Info: Redefining \cite on input line 694.
\c@NAT@ctr=\count270
)
(/usr/share/texlive/texmf-dist/tex/latex/tocbibind/tocbibind.sty
Package: tocbibind 2010/10/13 v1.5k extra ToC listings
Package tocbibind Info: The document has chapter divisions on input line 50.


Package tocbibind Note: Using chapter style headings, unless overridden.

) (/usr/share/texlive/texmf-dist/tex/latex/tools/dcolumn.sty
Package: dcolumn 2014/10/28 v1.06 decimal alignment package (DPC)
)
(/usr/share/texlive/texmf-dist/tex/latex/booktabs/booktabs.sty
Package: booktabs 2020/01/12 v1.61803398 Publication quality tables
\heavyrulewidth=\dimen152
\lightrulewidth=\dimen153
\cmidrulewidth=\dimen154
\belowrulesep=\dimen155
\belowbottomsep=\dimen156
\aboverulesep=\dimen157
\abovetopsep=\dimen158
\cmidrulesep=\dimen159
\cmidrulekern=\dimen160
\defaultaddspace=\dimen161
\@cmidla=\count271
\@cmidlb=\count272
\@aboverulesep=\dimen162
\@belowrulesep=\dimen163
\@thisruleclass=\count273
\@lastruleclass=\count274
\@thisrulewidth=\dimen164
)
(/usr/share/texlive/texmf-dist/tex/latex/paralist/paralist.sty
Package: paralist 2017/01/22 v2.7 Extended list environments
\pltopsep=\skip61
\plpartopsep=\skip62
\plitemsep=\skip63
\plparsep=\skip64
\pl@lab=\toks32
)
(/usr/share/texlive/texmf-dist/tex/latex/multirow/multirow.sty
Package: multirow 2019/05/31 v2.5 Span multiple rows of a table
\multirow@colwidth=\skip65
\multirow@cntb=\count275
\multirow@dima=\skip66
\bigstrutjot=\dimen165
)
(/usr/share/texlive/texmf-dist/tex/latex/listings/listings.sty
\lst@mode=\count276
\lst@gtempboxa=\box50
\lst@token=\toks33
\lst@length=\count277
\lst@currlwidth=\dimen166
\lst@column=\count278
\lst@pos=\count279
\lst@lostspace=\dimen167
\lst@width=\dimen168
\lst@newlines=\count280
\lst@lineno=\count281
\lst@maxwidth=\dimen169

(/usr/share/texlive/texmf-dist/tex/latex/listings/lstmisc.sty
File: lstmisc.sty 2019/09/10 1.8c (Carsten Heinz)
\c@lstnumber=\count282
\lst@skipnumbers=\count283
\lst@framebox=\box51
)
(/usr/share/texlive/texmf-dist/tex/latex/listings/listings.cfg
File: listings.cfg 2019/09/10 1.8c listings configuration
))
Package: listings 2019/09/10 1.8c (Carsten Heinz)

(/usr/share/texlive/texmf-dist/tex/latex/caption/subcaption.sty
Package: subcaption 2020/01/22 v1.3d Sub-captions (AR)

(/usr/share/texlive/texmf-dist/tex/latex/caption/caption.sty
Package: caption 2020/01/03 v3.4h Customizing captions (AR)

(/usr/share/texlive/texmf-dist/tex/latex/caption/caption3.sty
Package: caption3 2020/01/03 v1.8h caption3 kernel (AR)
Package caption3 Info: TeX engine: e-TeX on input line 61.
\captionmargin=\dimen170
\captionmargin@=\dimen171
\captionwidth=\dimen172
\caption@tempdima=\dimen173
\caption@indent=\dimen174
\caption@parindent=\dimen175
\caption@hangindent=\dimen176
Package caption Info: Standard document class detected.
)
\c@caption@flags=\count284
\c@continuedfloat=\count285
Package caption Info: hyperref package is loaded.
Package caption Info: listings package is loaded.
)
\c@subfigure=\count286
\c@subtable=\count287
)
(/usr/share/texlive/texmf-dist/tex/latex/setspace/setspace.sty
Package: setspace 2011/12/19 v6.7a set line spacing
)
Package hyperref Info: Option `unicode' set `true' on input line 127.
Package hyperref Info: Option `breaklinks' set `true' on input line 128.

\@input{macros.aux}
\openout2 = `macros.aux'.

(./macros.tex
\c@thm=\count288
\c@defn=\count289
)
(/usr/share/texlive/texmf-dist/tex/latex/l3backend/l3backend-pdfmode.def
File: l3backend-pdfmode.def 2020-02-03 L3 backend support: PDF mode
\l__kernel_color_stack_int=\count290
\l__pdf_internal_box=\box52
)
(./thesis.aux (./title.aux) (./introduction.aux) (./lbs_predictors.aux)
(./methodology.aux) (./results.aux) (./epilog.aux) (./bibliography.aux))
\openout1 = `thesis.aux'.

LaTeX Font Info:    Checking defaults for OML/cmm/m/it on input line 138.
LaTeX Font Info:    ... okay on input line 138.
LaTeX Font Info:    Checking defaults for OMS/cmsy/m/n on input line 138.
LaTeX Font Info:    ... okay on input line 138.
LaTeX Font Info:    Checking defaults for OT1/cmr/m/n on input line 138.
LaTeX Font Info:    ... okay on input line 138.
LaTeX Font Info:    Checking defaults for T1/cmr/m/n on input line 138.
LaTeX Font Info:    ... okay on input line 138.
LaTeX Font Info:    Checking defaults for TS1/cmr/m/n on input line 138.
LaTeX Font Info:    ... okay on input line 138.
LaTeX Font Info:    Checking defaults for OMX/cmex/m/n on input line 138.
LaTeX Font Info:    ... okay on input line 138.
LaTeX Font Info:    Checking defaults for U/cmr/m/n on input line 138.
LaTeX Font Info:    ... okay on input line 138.
LaTeX Font Info:    Checking defaults for PD1/pdf/m/n on input line 138.
LaTeX Font Info:    ... okay on input line 138.
LaTeX Font Info:    Checking defaults for PU/pdf/m/n on input line 138.
LaTeX Font Info:    ... okay on input line 138.
LaTeX Font Info:    Trying to load font information for OT1+lmr on input line 1
38.

(/usr/share/texmf/tex/latex/lm/ot1lmr.fd
File: ot1lmr.fd 2009/10/30 v1.6 Font defs for Latin Modern
)
(/usr/share/texlive/texmf-dist/tex/context/base/mkii/supp-pdf.mkii
[Loading MPS to PDF converter (version 2006.09.02).]
\scratchcounter=\count291
\scratchdimen=\dimen177
\scratchbox=\box53
\nofMPsegments=\count292
\nofMParguments=\count293
\everyMPshowfont=\toks34
\MPscratchCnt=\count294
\MPscratchDim=\dimen178
\MPnumerator=\count295
\makeMPintoPDFobject=\count296
\everyMPtoPDFconversion=\toks35
) (/usr/share/texlive/texmf-dist/tex/latex/epstopdf-pkg/epstopdf-base.sty
Package: epstopdf-base 2020-01-24 v2.11 Base part for package epstopdf
Package epstopdf-base Info: Redefining graphics rule for `.eps' on input line 4
85.

(/usr/share/texlive/texmf-dist/tex/latex/latexconfig/epstopdf-sys.cfg
File: epstopdf-sys.cfg 2010/07/13 v1.3 Configuration of (r)epstopdf for TeX Liv
e
))
ABD: EveryShipout initializing macros
\AtBeginShipoutBox=\box54
Package hyperref Info: Link coloring OFF on input line 138.

(/usr/share/texlive/texmf-dist/tex/latex/hyperref/nameref.sty
Package: nameref 2019/09/16 v2.46 Cross-referencing by name of section

(/usr/share/texlive/texmf-dist/tex/latex/refcount/refcount.sty
Package: refcount 2019/12/15 v3.6 Data extraction from label references (HO)
)
(/usr/share/texlive/texmf-dist/tex/generic/gettitlestring/gettitlestring.sty
Package: gettitlestring 2019/12/15 v1.6 Cleanup title references (HO)
)
\c@section@level=\count297
)
LaTeX Info: Redefining \ref on input line 138.
LaTeX Info: Redefining \pageref on input line 138.
LaTeX Info: Redefining \nameref on input line 138.

(./thesis.out) (./thesis.out)
\@outlinefile=\write5
\openout5 = `thesis.out'.

\c@lstlisting=\count298
Package caption Info: Begin \AtBeginDocument code.
Package caption Info: End \AtBeginDocument code.
\openout2 = `title.aux'.

 (./title.tex
Package hyperref Info: Option `pageanchor' set `false' on input line 6.
LaTeX Font Info:    Trying to load font information for OML+lmm on input line 1
4.

(/usr/share/texmf/tex/latex/lm/omllmm.fd
File: omllmm.fd 2009/10/30 v1.6 Font defs for Latin Modern
)
LaTeX Font Info:    Trying to load font information for OMS+lmsy on input line 
14.

(/usr/share/texmf/tex/latex/lm/omslmsy.fd
File: omslmsy.fd 2009/10/30 v1.6 Font defs for Latin Modern
)
LaTeX Font Info:    Trying to load font information for OMX+lmex on input line 
14.

(/usr/share/texmf/tex/latex/lm/omxlmex.fd
File: omxlmex.fd 2009/10/30 v1.6 Font defs for Latin Modern
)
LaTeX Font Info:    External font `lmex10' loaded for size
(Font)              <12> on input line 14.
LaTeX Font Info:    External font `lmex10' loaded for size
(Font)              <8> on input line 14.
LaTeX Font Info:    External font `lmex10' loaded for size
(Font)              <6> on input line 14.
LaTeX Font Info:    Trying to load font information for U+msa on input line 14.


(/usr/share/texlive/texmf-dist/tex/latex/amsfonts/umsa.fd
File: umsa.fd 2013/01/14 v3.01 AMS symbols A
)
LaTeX Font Info:    Trying to load font information for U+msb on input line 14.


(/usr/share/texlive/texmf-dist/tex/latex/amsfonts/umsb.fd
File: umsb.fd 2013/01/14 v3.01 AMS symbols B
)
<../img/logo2.pdf, id=224, 212.795pt x 213.39726pt>
File: ../img/logo2.pdf Graphic file (type pdf)
<use ../img/logo2.pdf>
Package pdftex.def Info: ../img/logo2.pdf  used on input line 25.
(pdftex.def)             Requested size: 227.62204pt x 228.27745pt.
 [1




 <../img/logo2.pdf>]
Package hyperref Info: Option `pageanchor' set `true' on input line 68.
 [1

] [2

] [3

] [4

]) (./thesis.toc [1



])
\tf@toc=\write6
\openout6 = `thesis.toc'.

 [2]
\openout2 = `introduction.aux'.

 (./introduction.tex
Chapter 1.
[3


]
LaTeX Font Info:    Trying to load font information for TS1+lmr on input line 2
1.
 (/usr/share/texmf/tex/latex/lm/ts1lmr.fd
File: ts1lmr.fd 2009/10/30 v1.6 Font defs for Latin Modern
) [4]) [5]
\openout2 = `lbs_predictors.aux'.

 (./lbs_predictors.tex
Chapter 2.
[6



] [7] [8] [9]
<../img/p2rank.pdf, id=452, 1968.35374pt x 983.675pt>
File: ../img/p2rank.pdf Graphic file (type pdf)
<use ../img/p2rank.pdf>
Package pdftex.def Info: ../img/p2rank.pdf  used on input line 69.
(pdftex.def)             Requested size: 412.56496pt x 206.17258pt.


LaTeX Warning: `!h' float specifier changed to `!ht'.

[10]
LaTeX Font Info:    Trying to load font information for OT1+lmtt on input line 
80.
 (/usr/share/texmf/tex/latex/lm/ot1lmtt.fd
File: ot1lmtt.fd 2009/10/30 v1.6 Font defs for Latin Modern
)) [11 <../img/p2rank.pdf>]
\openout2 = `methodology.aux'.


(./methodology.tex
Chapter 3.
<../img/pipelineDiagram.pdf, id=487, 782.60612pt x 736.82486pt>
File: ../img/pipelineDiagram.pdf Graphic file (type pdf)
<use ../img/pipelineDiagram.pdf>
Package pdftex.def Info: ../img/pipelineDiagram.pdf  used on input line 12.
(pdftex.def)             Requested size: 398.33858pt x 375.03366pt.

LaTeX Warning: `!h' float specifier changed to `!ht'.

[12



] [13 <../img/pipelineDiagram.pdf>] [14]
<../img/sasa.png, id=549, 926.46124pt x 836.12375pt>
File: ../img/sasa.png Graphic file (type png)
<use ../img/sasa.png>
Package pdftex.def Info: ../img/sasa.png  used on input line 61.
(pdftex.def)             Requested size: 284.52756pt x 256.78438pt.
 [15]

LaTeX Warning: No positions in optional float specifier.
               Default added (so using `tbp') on input line 76.

[16 <../img/sasa.png>] [17] [18]
Overfull \hbox (4.95274pt too wide) in paragraph at lines 151--152
\OT1/lmr/m/n/12 This fea-ture in-cludes nat-u-rally oc-cur-ing poly-mor-phisms,
 vari-a-tions be-tween strains|
 []

[19] [20] [21]
<../img/hse.png, id=651, 71.7882pt x 64.0794pt>
File: ../img/hse.png Graphic file (type png)
<use ../img/hse.png>
Package pdftex.def Info: ../img/hse.png  used on input line 214.
(pdftex.def)             Requested size: 227.62204pt x 203.19853pt.
 [22 <../img/hse.png (PNG copy)>]
<../img/torsion.png, id=666, 204.765pt x 76.1244pt>
File: ../img/torsion.png Graphic file (type png)
<use ../img/torsion.png>
Package pdftex.def Info: ../img/torsion.png  used on input line 226.
(pdftex.def)             Requested size: 341.43306pt x 126.94142pt.

Underfull \hbox (badness 5050) in paragraph at lines 228--228
[]\OT1/lmr/m/n/12 Figure 3.4: |Polypep-tide tor-sion an-gles phi, psi and omega
. Re-
 []


Underfull \hbox (badness 10000) in paragraph at lines 228--228
\OT1/lmr/m/n/12 trieved 2.1.2020 from []$\OT1/lmtt/m/n/12 https : / / www . res
earchgate . net / figure /
 []


Overfull \hbox (5.66025pt too wide) in paragraph at lines 228--228
\OT1/lmtt/m/n/12 Backbone-[]torsion-[]angles-[]of-[]a-[]prototypical-[]amino-[]
acid-[]building-[]block$[]|
 []

[23 <../img/torsion.png>] [24] [25] [26] [27] [28]
LaTeX Font Info:    External font `lmex10' loaded for size
(Font)              <14.4> on input line 357.
LaTeX Font Info:    External font `lmex10' loaded for size
(Font)              <10> on input line 357.
LaTeX Font Info:    External font `lmex10' loaded for size
(Font)              <7> on input line 357.


Package hyperref Warning: Token not allowed in a PDF string (Unicode):
(hyperref)                removing `math shift' on input line 357.


Package hyperref Warning: Token not allowed in a PDF string (Unicode):
(hyperref)                removing `superscript' on input line 357.


Package hyperref Warning: Token not allowed in a PDF string (Unicode):
(hyperref)                removing `math shift' on input line 357.

[29] [30] [31]) [32]
\openout2 = `results.aux'.

 (./results.tex
Chapter 4.
[33



]

LaTeX Warning: No positions in optional float specifier.
               Default added (so using `tbp') on input line 48.

LaTeX Font Info:    External font `lmex10' loaded for size
(Font)              <5> on input line 50.
[34] [35]

LaTeX Warning: No positions in optional float specifier.
               Default added (so using `tbp') on input line 95.


LaTeX Warning: No positions in optional float specifier.
               Default added (so using `tbp') on input line 141.

<../img/dynamine_hist.png, id=864, 462.528pt x 346.896pt>
File: ../img/dynamine_hist.png Graphic file (type png)
<use ../img/dynamine_hist.png>
Package pdftex.def Info: ../img/dynamine_hist.png  used on input line 143.
(pdftex.def)             Requested size: 341.43306pt x 256.08499pt.
[36] [37]

LaTeX Warning: No positions in optional float specifier.
               Default added (so using `tbp') on input line 152.

<../img/pValue_deflation_dynamine.pdf, id=879, 462.52798pt x 346.89601pt>
File: ../img/pValue_deflation_dynamine.pdf Graphic file (type pdf)
<use ../img/pValue_deflation_dynamine.pdf>
Package pdftex.def Info: ../img/pValue_deflation_dynamine.pdf  used on input li
ne 156.
(pdftex.def)             Requested size: 206.28247pt x 154.71494pt.
File: ../img/dynamine_hist.png Graphic file (type png)
<use ../img/dynamine_hist.png>
Package pdftex.def Info: ../img/dynamine_hist.png  used on input line 157.
(pdftex.def)             Requested size: 206.28247pt x 154.71494pt.
<../img/pValue_deflation_phi_angle.pdf, id=880, 462.52798pt x 346.89601pt>
File: ../img/pValue_deflation_phi_angle.pdf Graphic file (type pdf)
<use ../img/pValue_deflation_phi_angle.pdf>
Package pdftex.def Info: ../img/pValue_deflation_phi_angle.pdf  used on input l
ine 163.
(pdftex.def)             Requested size: 206.28247pt x 154.71494pt.
<../img/phi_angle_hist.png, id=881, 462.528pt x 346.896pt>
File: ../img/phi_angle_hist.png Graphic file (type png)
<use ../img/phi_angle_hist.png>
Package pdftex.def Info: ../img/phi_angle_hist.png  used on input line 164.
(pdftex.def)             Requested size: 206.28247pt x 154.71494pt.
<../img/pValue_deflation_exposure_CN.pdf, id=882, 462.52798pt x 346.89601pt>
File: ../img/pValue_deflation_exposure_CN.pdf Graphic file (type pdf)
<use ../img/pValue_deflation_exposure_CN.pdf>
Package pdftex.def Info: ../img/pValue_deflation_exposure_CN.pdf  used on input
 line 170.
(pdftex.def)             Requested size: 206.28247pt x 154.71494pt.
<../img/exposure_CN_hist.png, id=883, 462.528pt x 346.896pt>
File: ../img/exposure_CN_hist.png Graphic file (type png)
<use ../img/exposure_CN_hist.png>
Package pdftex.def Info: ../img/exposure_CN_hist.png  used on input line 171.
(pdftex.def)             Requested size: 206.28247pt x 154.71494pt.

LaTeX Warning: No positions in optional float specifier.
               Default added (so using `tbp') on input line 182.


LaTeX Warning: No positions in optional float specifier.
               Default added (so using `tbp') on input line 205.

[38 <../img/dynamine_hist.png>] [39 <../img/pValue_deflation_dynamine.pdf> <../
img/pValue_deflation_phi_angle.pdf

pdfTeX warning: /usr/bin/pdflatex (file ../img/pValue_deflation_phi_angle.pdf):
 PDF inclusion: multiple pdfs with page group included in a single page
> <../img/phi_angle_hist.png> <../img/pValue_deflation_exposure_CN.pdf

pdfTeX warning: /usr/bin/pdflatex (file ../img/pValue_deflation_exposure_CN.pdf
): PDF inclusion: multiple pdfs with page group included in a single page
> <../img/exposure_CN_hist.png>] [40] [41]

LaTeX Warning: No positions in optional float specifier.
               Default added (so using `tbp') on input line 245.


Underfull \hbox (badness 5970) in paragraph at lines 265--265
[]\OT1/lmr/m/n/12 Table 4.5: |Mean ef-fect sizes (co-hen's \OT1/lmr/m/it/12 d\O
T1/lmr/m/n/12 ) com-puted from 1000 it-
 []


Underfull \hbox (badness 10000) in paragraph at lines 265--265
\OT1/lmr/m/n/12 er-a-tions of ran-dom sam-pling with sam-ple size 500. Com-pute
d
 []


Underfull \hbox (badness 5578) in paragraph at lines 265--265
\OT1/lmr/m/n/12 on dataset \OT1/lmr/m/it/12 mix \OT1/lmr/m/n/12 (all 4 datasets
 merged to-gether) with P2Rank lig-
 []


Underfull \hbox (badness 10000) in paragraph at lines 265--265
\OT1/lmr/m/n/12 ands fil-ter. Fea-tures are sorted ac-cord-ing to the ef-fect s
ize.
 []


LaTeX Warning: No positions in optional float specifier.
               Default added (so using `tbp') on input line 269.


Underfull \hbox (badness 5637) in paragraph at lines 292--292
[]\OT1/lmr/m/n/12 Table 4.6: |Mean ef-fect sizes (co-hen's \OT1/lmr/m/it/12 w\O
T1/lmr/m/n/12 ) com-puted from 1000 it-
 []


Underfull \hbox (badness 10000) in paragraph at lines 292--292
\OT1/lmr/m/n/12 er-a-tions of ran-dom sam-pling with sam-ple size 500. Com-pute
d
 []


Underfull \hbox (badness 5578) in paragraph at lines 292--292
\OT1/lmr/m/n/12 on dataset \OT1/lmr/m/it/12 mix \OT1/lmr/m/n/12 (all 4 datasets
 merged to-gether) with P2Rank lig-
 []


Underfull \hbox (badness 10000) in paragraph at lines 292--292
\OT1/lmr/m/n/12 ands fil-ter. Fea-tures are sorted ac-cord-ing to the ef-fect s
ize.
 []


Underfull \hbox (badness 1389) in paragraph at lines 292--292
\OT1/lmr/m/n/12 *\OT1/lmtt/m/n/12 variation \OT1/lmr/m/n/12 is com-puted only o
n the sub-sets of pro-teins for which the
 []

[42]
Overfull \hbox (30.01608pt too wide) in paragraph at lines 300--301
[]\OT1/lmr/m/n/12 The re-sults for both con-ser-va-tion fea-tures \OT1/lmtt/m/n
/12 conservation \OT1/lmr/m/n/12 and \OT1/lmtt/m/n/12 pdbekb[]conservation|
 []

<../img/conservation_hist.png, id=1154, 462.528pt x 346.896pt>
File: ../img/conservation_hist.png Graphic file (type png)
<use ../img/conservation_hist.png>
Package pdftex.def Info: ../img/conservation_hist.png  used on input line 306.
(pdftex.def)             Requested size: 206.28247pt x 154.71494pt.
<../img/pdbekb_conservation_frequencies.png, id=1155, 462.528pt x 346.896pt>
File: ../img/pdbekb_conservation_frequencies.png Graphic file (type png)
<use ../img/pdbekb_conservation_frequencies.png>
Package pdftex.def Info: ../img/pdbekb_conservation_frequencies.png  used on in
put line 311.
(pdftex.def)             Requested size: 206.28247pt x 154.71494pt.

LaTeX Warning: `!h' float specifier changed to `!ht'.


LaTeX Warning: No positions in optional float specifier.
               Default added (so using `tbp') on input line 321.

File: ../img/exposure_CN_hist.png Graphic file (type png)
<use ../img/exposure_CN_hist.png>
Package pdftex.def Info: ../img/exposure_CN_hist.png  used on input line 325.
(pdftex.def)             Requested size: 206.28247pt x 154.71494pt.
<../img/depth_hist.png, id=1160, 462.528pt x 346.896pt>
File: ../img/depth_hist.png Graphic file (type png)
<use ../img/depth_hist.png>
Package pdftex.def Info: ../img/depth_hist.png  used on input line 330.
(pdftex.def)             Requested size: 206.28247pt x 154.71494pt.
<../img/HSE_up_hist.png, id=1161, 462.528pt x 346.896pt>
File: ../img/HSE_up_hist.png Graphic file (type png)
<use ../img/HSE_up_hist.png>
Package pdftex.def Info: ../img/HSE_up_hist.png  used on input line 335.
(pdftex.def)             Requested size: 206.28247pt x 154.71494pt.
<../img/HSE_down_hist.png, id=1162, 462.528pt x 346.896pt>
File: ../img/HSE_down_hist.png Graphic file (type png)
<use ../img/HSE_down_hist.png>
Package pdftex.def Info: ../img/HSE_down_hist.png  used on input line 340.
(pdftex.def)             Requested size: 206.28247pt x 154.71494pt.
[43]

LaTeX Warning: No positions in optional float specifier.
               Default added (so using `tbp') on input line 349.

<../img/bfactor_hist.png, id=1172, 462.528pt x 346.896pt>
File: ../img/bfactor_hist.png Graphic file (type png)
<use ../img/bfactor_hist.png>
Package pdftex.def Info: ../img/bfactor_hist.png  used on input line 351.
(pdftex.def)             Requested size: 288.7942pt x 216.60303pt.

LaTeX Warning: No positions in optional float specifier.
               Default added (so using `tbp') on input line 358.

<../img/aa_frequencies.png, id=1175, 462.528pt x 346.896pt>
File: ../img/aa_frequencies.png Graphic file (type png)
<use ../img/aa_frequencies.png>
Package pdftex.def Info: ../img/aa_frequencies.png  used on input line 362.
(pdftex.def)             Requested size: 288.7942pt x 216.60303pt.
<../img/aa_ratios.png, id=1176, 462.528pt x 346.896pt>
File: ../img/aa_ratios.png Graphic file (type png)
<use ../img/aa_ratios.png>
Package pdftex.def Info: ../img/aa_ratios.png  used on input line 367.
(pdftex.def)             Requested size: 288.7942pt x 216.60303pt.
[44 <../img/conservation_hist.png> <../img/pdbekb_conservation_frequencies.png>
] [45 <../img/depth_hist.png> <../img/HSE_up_hist.png> <../img/HSE_down_hist.pn
g> <../img/bfactor_hist.png>] [46 <../img/aa_frequencies.png> <../img/aa_ratios
.png>] [47]

LaTeX Warning: No positions in optional float specifier.
               Default added (so using `tbp') on input line 391.

[48]

LaTeX Warning: No positions in optional float specifier.
               Default added (so using `tbp') on input line 415.


LaTeX Warning: Float too large for page by 4.80585pt on input line 468.

[49] [50]

LaTeX Warning: No positions in optional float specifier.
               Default added (so using `tbp') on input line 478.

[51] [52]

LaTeX Warning: No positions in optional float specifier.
               Default added (so using `tbp') on input line 540.


LaTeX Warning: No positions in optional float specifier.
               Default added (so using `tbp') on input line 564.


Underfull \hbox (badness 10000) in paragraph at lines 585--585
\OT1/lmr/m/n/12 The sub-set of P2Rank fea-tures is fol-low-ing: \OT1/lmtt/m/n/1
2 protrusion,
 []


Underfull \hbox (badness 10000) in paragraph at lines 585--585
\OT1/lmtt/m/n/12 bfactor, hydrophatyIndex, aromatic, hBondDonor, hBondAcceptor,

 []

[53] [54] [55]

Package hyperref Warning: Token not allowed in a PDF string (Unicode):
(hyperref)                removing `\newline' on input line 595.


Overfull \hbox (1.18336pt too wide) in paragraph at lines 611--612
[]\OT1/lmr/m/n/12 The com-par-i-son of the con-ser-va-tion fea-tures was made o
n two datasets: \OT1/lmr/m/it/12 chen11|
 []

[56]

LaTeX Warning: No positions in optional float specifier.
               Default added (so using `tbp') on input line 619.


Underfull \hbox (badness 10000) in paragraph at lines 637--637
\OT1/lmr/m/n/12 * The ef-fect sizes for con-tin-u-ous fea-tures (\OT1/lmtt/m/n/
12 conservation \OT1/lmr/m/n/12 and
 []

<../img/conservation/conservation_hist.png, id=1275, 462.528pt x 346.896pt>
File: ../img/conservation/conservation_hist.png Graphic file (type png)
<use ../img/conservation/conservation_hist.png>
Package pdftex.def Info: ../img/conservation/conservation_hist.png  used on inp
ut line 645.
(pdftex.def)             Requested size: 195.97087pt x 146.98157pt.
<../img/conservation/conservation_ratios.png, id=1276, 462.528pt x 346.896pt>
File: ../img/conservation/conservation_ratios.png Graphic file (type png)
<use ../img/conservation/conservation_ratios.png>
Package pdftex.def Info: ../img/conservation/conservation_ratios.png  used on i
nput line 646.
(pdftex.def)             Requested size: 195.97087pt x 146.98157pt.
<../img/conservation/INTAA_conservation_hist.png, id=1277, 462.528pt x 346.896p
t>
File: ../img/conservation/INTAA_conservation_hist.png Graphic file (type png)
<use ../img/conservation/INTAA_conservation_hist.png>
Package pdftex.def Info: ../img/conservation/INTAA_conservation_hist.png  used 
on input line 652.
(pdftex.def)             Requested size: 195.97087pt x 146.98157pt.
<../img/conservation/INTAA_conservation_ratios.png, id=1278, 462.528pt x 346.89
6pt>
File: ../img/conservation/INTAA_conservation_ratios.png Graphic file (type png)

<use ../img/conservation/INTAA_conservation_ratios.png>
Package pdftex.def Info: ../img/conservation/INTAA_conservation_ratios.png  use
d on input line 653.
(pdftex.def)             Requested size: 195.97087pt x 146.98157pt.
<../img/conservation/pdbekb_conservation_frequencies.png, id=1279, 462.528pt x 
346.896pt>
File: ../img/conservation/pdbekb_conservation_frequencies.png Graphic file (typ
e png)
<use ../img/conservation/pdbekb_conservation_frequencies.png>
Package pdftex.def Info: ../img/conservation/pdbekb_conservation_frequencies.pn
g  used on input line 659.
(pdftex.def)             Requested size: 195.97087pt x 146.98157pt.
<../img/conservation/pdbekb_conservation_ratios.png, id=1280, 462.528pt x 346.8
96pt>
File: ../img/conservation/pdbekb_conservation_ratios.png Graphic file (type png
)
<use ../img/conservation/pdbekb_conservation_ratios.png>
Package pdftex.def Info: ../img/conservation/pdbekb_conservation_ratios.png  us
ed on input line 660.
(pdftex.def)             Requested size: 195.97087pt x 146.98157pt.
[57] [58 <../img/conservation/conservation_hist.png> <../img/conservation/conse
rvation_ratios.png> <../img/conservation/INTAA_conservation_hist.png> <../img/c
onservation/INTAA_conservation_ratios.png> <../img/conservation/pdbekb_conserva
tion_frequencies.png> <../img/conservation/pdbekb_conservation_ratios.png>])
[59]
\openout2 = `epilog.aux'.

 (./epilog.tex) [60



] [61


]
\openout2 = `bibliography.aux'.

 (./bibliography.tex (./thesis.bbl
Underfull \hbox (badness 3954) in paragraph at lines 9--12
[]\OT1/lmr/m/n/12 Bio2Byte group.  URL []$\OT1/lmtt/m/n/12 https : / / bio2byte
 . be / info/$[]\OT1/lmr/m/n/12 .  Ac-cessed:
 []


Underfull \hbox (badness 2005) in paragraph at lines 14--17
[]\OT1/lmr/m/n/12 UniProt doc-u-men-ta-tion: Com-po-si-tional bias.  URL []$\OT
1/lmtt/m/n/12 https : / / www .
 []


Underfull \hbox (badness 2158) in paragraph at lines 19--22
[]\OT1/lmr/m/n/12 Sequence con-ser-va-tion pipeline.  URL []$\OT1/lmtt/m/n/12 h
ttps : / / github . com / cusbg /
 []


Underfull \hbox (badness 1436) in paragraph at lines 70--73
[]\OT1/lmr/m/n/12 UniProt doc-u-men-ta-tion: Sec-ondary struc-ture.  URL []$\OT
1/lmtt/m/n/12 https : / / www .
 []

[62


] [63] [64] [65] [66] [67] [68] [69] [70]
Underfull \hbox (badness 1776) in paragraph at lines 715--720
[]\OT1/lmr/m/n/12 Carolin Strobl, Anne-Laure Boulesteix, Achim Zeileis, and Tor
sten
 []

[71] [72])) [73] (./thesis.lof)
\tf@lof=\write7
\openout7 = `thesis.lof'.

 [74


] (./thesis.lot)
\tf@lot=\write8
\openout8 = `thesis.lot'.

 [75

]
Appendix A.
LaTeX Font Info:    Trying to load font information for OMS+lmtt on input line 
244.
LaTeX Font Info:    No file OMSlmtt.fd. on input line 244.

LaTeX Font Warning: Font shape `OMS/lmtt/m/n' undefined
(Font)              using `OMS/cmsy/m/n' instead
(Font)              for symbol `textbackslash' on input line 244.

[76

]
Overfull \hbox (10.77472pt too wide) in paragraph at lines 246--247
\OT1/lmr/m/n/12 (\OT1/lmtt/m/n/12 pipeline[]P2Rank[]oneFeature.sh \OT1/lmr/m/n/
12 and \OT1/lmtt/m/n/12 pipeline[]P2Rank[]allFeatures.sh\OT1/lmr/m/n/12 ),|
 []

[77] [78] [79] [80]
Package atveryend Info: Empty hook `BeforeClearDocument' on input line 390.
Package atveryend Info: Empty hook `AfterLastShipout' on input line 390.
 (./thesis.aux (./title.aux) (./introduction.aux)
(./lbs_predictors.aux) (./methodology.aux) (./results.aux) (./epilog.aux)
(./bibliography.aux))
Package atveryend Info: Executing hook `AtVeryEndDocument' on input line 390.
Package atveryend Info: Executing hook `AtEndAfterFileList' on input line 390.
Package rerunfilecheck Info: File `thesis.out' has not changed.
(rerunfilecheck)             Checksum: BB9A33163B83773A1D99BDCDAF809D3C;8265.


LaTeX Font Warning: Some font shapes were not available, defaults substituted.

Package atveryend Info: Empty hook `AtVeryVeryEnd' on input line 390.
 ) 
Here is how much of TeX's memory you used:
 18228 strings out of 483140
 263060 string characters out of 5965151
 522942 words of memory out of 5000000
 32526 multiletter control sequences out of 15000+600000
 610598 words of font info for 93 fonts, out of 8000000 for 9000
 36 hyphenation exceptions out of 8191
 48i,13n,49p,1482b,2341s stack positions out of 5000i,500n,10000p,200000b,80000s
{/usr/share/texmf/fonts/enc/dvips/lm/lm-rmtt.enc}{/usr/share/texmf/fonts/enc/
dvips/lm/lm-mathex.enc}{/usr/share/texmf/fonts/enc/dvips/lm/lm-rm.enc}{/usr/sha
re/texmf/fonts/enc/dvips/lm/lm-mathsy.enc}{/usr/share/texmf/fonts/enc/dvips/lm/
lm-mathit.enc}{/usr/share/texmf/fonts/enc/dvips/lm/lm-ts1.enc}</usr/share/texli
ve/texmf-dist/fonts/type1/public/amsfonts/cm/cmsy10.pfb></usr/share/texmf/fonts
/type1/public/lm/lmbx12.pfb></usr/share/texmf/fonts/type1/public/lm/lmbxi10.pfb
></usr/share/texmf/fonts/type1/public/lm/lmex10.pfb></usr/share/texmf/fonts/typ
e1/public/lm/lmmi12.pfb></usr/share/texmf/fonts/type1/public/lm/lmmi8.pfb></usr
/share/texmf/fonts/type1/public/lm/lmr10.pfb></usr/share/texmf/fonts/type1/publ
ic/lm/lmr12.pfb></usr/share/texmf/fonts/type1/public/lm/lmr17.pfb></usr/share/t
exmf/fonts/type1/public/lm/lmr8.pfb></usr/share/texmf/fonts/type1/public/lm/lmr
i12.pfb></usr/share/texmf/fonts/type1/public/lm/lmsy10.pfb></usr/share/texmf/fo
nts/type1/public/lm/lmsy8.pfb></usr/share/texmf/fonts/type1/public/lm/lmtt10.pf
b></usr/share/texmf/fonts/type1/public/lm/lmtt12.pfb>
Output written on thesis.pdf (85 pages, 6648465 bytes).
PDF statistics:
 1620 PDF objects out of 1728 (max. 8388607)
 1353 compressed objects within 14 object streams
 325 named destinations out of 1000 (max. 500000)
 575 words of extra memory for PDF output out of 10000 (max. 10000000)

