\BOOKMARK [0][-]{chapter.1}{\376\377\000I\000n\000t\000r\000o\000d\000u\000c\000t\000i\000o\000n}{}% 1
\BOOKMARK [1][-]{section.1.1}{\376\377\000T\000h\000e\000s\000i\000s\000\040\000g\000o\000a\000l\000s}{chapter.1}% 2
\BOOKMARK [0][-]{chapter.2}{\376\377\000L\000i\000g\000a\000n\000d\000\040\000b\000i\000n\000d\000i\000n\000g\000\040\000s\000i\000t\000e\000s\000\040\000p\000r\000e\000d\000i\000c\000t\000i\000o\000n}{}% 3
\BOOKMARK [1][-]{section.2.1}{\376\377\000E\000x\000i\000s\000t\000i\000n\000g\000\040\000m\000e\000t\000h\000o\000d\000s}{chapter.2}% 4
\BOOKMARK [2][-]{subsection.2.1.1}{\376\377\000G\000e\000o\000m\000e\000t\000r\000y\000\040\000b\000a\000s\000e\000d\000\040\000a\000p\000p\000r\000o\000a\000c\000h}{section.2.1}% 5
\BOOKMARK [2][-]{subsection.2.1.2}{\376\377\000E\000n\000e\000r\000g\000y\000\040\000b\000a\000s\000e\000d\000\040\000a\000p\000p\000r\000o\000a\000c\000h}{section.2.1}% 6
\BOOKMARK [2][-]{subsection.2.1.3}{\376\377\000E\000v\000o\000l\000u\000t\000i\000o\000n\000a\000r\000y\000\040\000a\000p\000p\000r\000o\000a\000c\000h}{section.2.1}% 7
\BOOKMARK [2][-]{subsection.2.1.4}{\376\377\000T\000e\000m\000p\000l\000a\000t\000e\000\040\000b\000a\000s\000e\000d\000\040\000a\000p\000p\000r\000o\000a\000c\000h}{section.2.1}% 8
\BOOKMARK [2][-]{subsection.2.1.5}{\376\377\000M\000a\000c\000h\000i\000n\000e\000\040\000l\000e\000a\000r\000n\000i\000n\000g\000\040\000a\000p\000p\000r\000o\000a\000c\000h}{section.2.1}% 9
\BOOKMARK [2][-]{subsection.2.1.6}{\376\377\000C\000o\000n\000s\000e\000n\000s\000u\000s\000\040\000a\000p\000p\000r\000o\000a\000c\000h}{section.2.1}% 10
\BOOKMARK [1][-]{section.2.2}{\376\377\000E\000v\000a\000l\000u\000a\000t\000i\000o\000n\000\040\000o\000f\000\040\000s\000u\000c\000c\000e\000s\000s\000\040\000r\000a\000t\000e\000s}{chapter.2}% 11
\BOOKMARK [1][-]{section.2.3}{\376\377\000P\0002\000R\000a\000n\000k}{chapter.2}% 12
\BOOKMARK [0][-]{chapter.3}{\376\377\000M\000e\000t\000h\000o\000d\000o\000l\000o\000g\000y}{}% 13
\BOOKMARK [1][-]{section.3.1}{\376\377\000D\000a\000t\000a\000s\000e\000t\000\040\000f\000i\000l\000e}{chapter.3}% 14
\BOOKMARK [1][-]{section.3.2}{\376\377\000F\000A\000S\000T\000A\000\040\000a\000n\000d\000\040\000P\000D\000B\000\040\000d\000o\000w\000n\000l\000o\000a\000d}{chapter.3}% 15
\BOOKMARK [1][-]{section.3.3}{\376\377\000R\000e\000s\000i\000d\000u\000e\000\040\000m\000a\000p\000p\000i\000n\000g\000s}{chapter.3}% 16
\BOOKMARK [1][-]{section.3.4}{\376\377\000L\000i\000g\000a\000n\000d\000\040\000b\000i\000n\000d\000i\000n\000g\000\040\000s\000i\000t\000e\000s}{chapter.3}% 17
\BOOKMARK [1][-]{section.3.5}{\376\377\000F\000e\000a\000t\000u\000r\000e\000s}{chapter.3}% 18
\BOOKMARK [2][-]{subsection.3.5.1}{\376\377\000U\000n\000i\000P\000r\000o\000t\000K\000B}{section.3.5}% 19
\BOOKMARK [2][-]{subsection.3.5.2}{\376\377\000P\000D\000B\000e\000-\000K\000B}{section.3.5}% 20
\BOOKMARK [2][-]{subsection.3.5.3}{\376\377\000P\000D\000B}{section.3.5}% 21
\BOOKMARK [2][-]{subsection.3.5.4}{\376\377\000F\000A\000S\000T\000A}{section.3.5}% 22
\BOOKMARK [2][-]{subsection.3.5.5}{\376\377\000O\000t\000h\000e\000r\000\040\000r\000e\000s\000o\000u\000r\000c\000e\000s}{section.3.5}% 23
\BOOKMARK [2][-]{subsection.3.5.6}{\376\377\000U\000s\000e\000r\000-\000d\000e\000f\000i\000n\000e\000d\000\040\000f\000e\000a\000t\000u\000r\000e\000s}{section.3.5}% 24
\BOOKMARK [1][-]{section.3.6}{\376\377\000S\000t\000a\000t\000i\000s\000t\000i\000c\000a\000l\000\040\000a\000n\000a\000l\000y\000s\000i\000s}{chapter.3}% 25
\BOOKMARK [2][-]{subsection.3.6.1}{\376\377\000I\000m\000p\000l\000e\000m\000e\000n\000t\000a\000t\000i\000o\000n}{section.3.6}% 26
\BOOKMARK [2][-]{subsection.3.6.2}{\376\377\000W\000e\000l\000c\000h\000'\000s\000\040\000t\000e\000s\000t}{section.3.6}% 27
\BOOKMARK [2][-]{subsection.3.6.3}{\376\377\000C\000h\000i\000-\000s\000q\000u\000a\000r\000e\000d\000\040\000\050\003\307\0002\000\051\000\040\000t\000e\000s\000t\000\040\000o\000f\000\040\000i\000n\000d\000e\000p\000e\000n\000d\000e\000n\000c\000e}{section.3.6}% 28
\BOOKMARK [1][-]{section.3.7}{\376\377\000P\0002\000R\000a\000n\000k\000\040\000m\000o\000d\000e\000l\000s\000\040\000t\000r\000a\000i\000n\000i\000n\000g\000\040\000a\000n\000d\000\040\000e\000v\000a\000l\000u\000a\000t\000i\000o\000n}{chapter.3}% 29
\BOOKMARK [0][-]{chapter.4}{\376\377\000E\000v\000a\000l\000u\000a\000t\000i\000o\000n\000\040\000a\000n\000d\000\040\000r\000e\000s\000u\000l\000t\000s}{}% 30
\BOOKMARK [1][-]{section.4.1}{\376\377\000D\000a\000t\000a\000s\000e\000t\000s}{chapter.4}% 31
\BOOKMARK [2][-]{subsection.4.1.1}{\376\377\000L\000i\000g\000a\000n\000d\000s\000\040\000f\000i\000l\000t\000e\000r\000i\000n\000g}{section.4.1}% 32
\BOOKMARK [1][-]{section.4.2}{\376\377\000S\000t\000a\000t\000i\000s\000t\000i\000c\000a\000l\000\040\000a\000n\000a\000l\000y\000s\000i\000s}{chapter.4}% 33
\BOOKMARK [1][-]{section.4.3}{\376\377\000P\0002\000R\000a\000n\000k\000\040\000m\000o\000d\000e\000l\000s}{chapter.4}% 34
\BOOKMARK [0][-]{chapter*.22}{\376\377\000C\000o\000n\000c\000l\000u\000s\000i\000o\000n}{}% 35
\BOOKMARK [0][-]{chapter*.23}{\376\377\000L\000i\000s\000t\000\040\000o\000f\000\040\000A\000b\000b\000r\000e\000v\000i\000a\000t\000i\000o\000n\000s}{}% 36
\BOOKMARK [0][-]{chapter*.24}{\376\377\000B\000i\000b\000l\000i\000o\000g\000r\000a\000p\000h\000y}{}% 37
\BOOKMARK [0][-]{appendix.A}{\376\377\000A\000t\000t\000a\000c\000h\000m\000e\000n\000t\000s}{}% 38
\BOOKMARK [1][-]{section.A.1}{\376\377\000a\000t\000t\000a\000c\000h\000m\000e\000n\000t\0001}{appendix.A}% 39
\BOOKMARK [1][-]{section.A.2}{\376\377\000a\000t\000t\000a\000c\000h\000m\000e\000n\000t\0002}{appendix.A}% 40
